2*movies*{"column_family": "title", "column": "title", "row": "594", "data": [{"value": "vertigo", "time": 594}]}
2*movies*{"column_family": "year", "column": "year", "row": "594", "data": [{"value": "1958", "time": 594}]}
2*movies*{"column_family": "imdb_rating", "column": "imdb_rating", "row": "594", "data": [{"value": "8.60", "time": 594}]}
2*movies*{"column_family": "imdb_votes", "column": "imdb_votes", "row": "594", "data": [{"value": "93524", "time": 594}]}
2*movies*{"column_family": "genres", "column": "genres", "row": "594", "data": [{"value": "('crime' 'mystery' 'romance' 'thriller')", "time": 594}]}
2*movies*{"column_family": "id", "column": "id", "row": "595", "data": [{"value": "m595", "time": 595}]}
2*movies*{"column_family": "title", "column": "title", "row": "595", "data": [{"value": "very bad things", "time": 595}]}
2*movies*{"column_family": "year", "column": "year", "row": "595", "data": [{"value": "1998", "time": 595}]}
2*movies*{"column_family": "imdb_rating", "column": "imdb_rating", "row": "595", "data": [{"value": "6.00", "time": 595}]}
2*movies*{"column_family": "imdb_votes", "column": "imdb_votes", "row": "595", "data": [{"value": "22977", "time": 595}]}
2*movies*{"column_family": "genres", "column": "genres", "row": "595", "data": [{"value": "('comedy' 'crime' 'thriller')", "time": 595}]}
2*movies*{"column_family": "id", "column": "id", "row": "596", "data": [{"value": "m596", "time": 596}]}
2*movies*{"column_family": "title", "column": "title", "row": "596", "data": [{"value": "viridiana", "time": 596}]}
2*movies*{"column_family": "year", "column": "year", "row": "596", "data": [{"value": "1961", "time": 596}]}
2*movies*{"column_family": "imdb_rating", "column": "imdb_rating", "row": "596", "data": [{"value": "8.20", "time": 596}]}
2*movies*{"column_family": "imdb_votes", "column": "imdb_votes", "row": "596", "data": [{"value": "6288", "time": 596}]}
2*movies*{"column_family": "genres", "column": "genres", "row": "596", "data": [{"value": "('drama')", "time": 596}]}
2*movies*{"column_family": "id", "column": "id", "row": "597", "data": [{"value": "m597", "time": 597}]}
2*movies*{"column_family": "title", "column": "title", "row": "597", "data": [{"value": "virtuosity", "time": 597}]}
2*movies*{"column_family": "year", "column": "year", "row": "597", "data": [{"value": "1995", "time": 597}]}
2*movies*{"column_family": "imdb_rating", "column": "imdb_rating", "row": "597", "data": [{"value": "5.30", "time": 597}]}
2*movies*{"column_family": "imdb_votes", "column": "imdb_votes", "row": "597", "data": [{"value": "11191", "time": 597}]}
2*movies*{"column_family": "genres", "column": "genres", "row": "597", "data": [{"value": "('action' 'crime' 'sci-fi' 'thriller')", "time": 597}]}
2*movies*{"column_family": "id", "column": "id", "row": "598", "data": [{"value": "m598", "time": 598}]}
2*movies*{"column_family": "title", "column": "title", "row": "598", "data": [{"value": "wag the dog", "time": 598}]}
2*movies*{"column_family": "year", "column": "year", "row": "598", "data": [{"value": "1997", "time": 598}]}
2*movies*{"column_family": "imdb_rating", "column": "imdb_rating", "row": "598", "data": [{"value": "7.10", "time": 598}]}
2*movies*{"column_family": "imdb_votes", "column": "imdb_votes", "row": "598", "data": [{"value": "36448", "time": 598}]}
2*movies*{"column_family": "genres", "column": "genres", "row": "598", "data": [{"value": "('comedy' 'drama')", "time": 598}]}
2*movies*{"column_family": "id", "column": "id", "row": "599", "data": [{"value": "m599", "time": 599}]}
2*movies*{"column_family": "title", "column": "title", "row": "599", "data": [{"value": "wall street", "time": 599}]}
2*movies*{"column_family": "year", "column": "year", "row": "599", "data": [{"value": "1987", "time": 599}]}
2*movies*{"column_family": "imdb_rating", "column": "imdb_rating", "row": "599", "data": [{"value": "7.30", "time": 599}]}
2*movies*{"column_family": "imdb_votes", "column": "imdb_votes", "row": "599", "data": [{"value": "39082", "time": 599}]}
2*movies*{"column_family": "genres", "column": "genres", "row": "599", "data": [{"value": "('crime' 'drama')", "time": 599}]}
2*movies*{"column_family": "id", "column": "id", "row": "600", "data": [{"value": "m600", "time": 600}]}
2*movies*{"column_family": "title", "column": "title", "row": "600", "data": [{"value": "waxwork", "time": 600}]}
2*movies*{"column_family": "year", "column": "year", "row": "600", "data": [{"value": "1988", "time": 600}]}
2*movies*{"column_family": "imdb_rating", "column": "imdb_rating", "row": "600", "data": [{"value": "6.00", "time": 600}]}
2*movies*{"column_family": "imdb_votes", "column": "imdb_votes", "row": "600", "data": [{"value": "2596", "time": 600}]}
2*movies*{"column_family": "genres", "column": "genres", "row": "600", "data": [{"value": "('comedy' 'fantasy' 'horror')", "time": 600}]}
2*movies*{"column_family": "id", "column": "id", "row": "601", "data": [{"value": "m601", "time": 601}]}
2*movies*{"column_family": "title", "column": "title", "row": "601", "data": [{"value": "what lies beneath", "time": 601}]}
2*movies*{"column_family": "year", "column": "year", "row": "601", "data": [{"value": "2000", "time": 601}]}
2*movies*{"column_family": "imdb_rating", "column": "imdb_rating", "row": "601", "data": [{"value": "6.50", "time": 601}]}
2*movies*{"column_family": "imdb_votes", "column": "imdb_votes", "row": "601", "data": [{"value": "46195", "time": 601}]}
2*movies*{"column_family": "genres", "column": "genres", "row": "601", "data": [{"value": "('drama' 'horror' 'mystery' 'thriller')", "time": 601}]}
2*movies*{"column_family": "id", "column": "id", "row": "602", "data": [{"value": "m602", "time": 602}]}
2*movies*{"column_family": "title", "column": "title", "row": "602", "data": [{"value": "what women want", "time": 602}]}
2*movies*{"column_family": "year", "column": "year", "row": "602", "data": [{"value": "2000", "time": 602}]}
2*movies*{"column_family": "imdb_rating", "column": "imdb_rating", "row": "602", "data": [{"value": "6.30", "time": 602}]}
2*movies*{"column_family": "imdb_votes", "column": "imdb_votes", "row": "602", "data": [{"value": "55269", "time": 602}]}
2*movies*{"column_family": "genres", "column": "genres", "row": "602", "data": [{"value": "('comedy' 'fantasy' 'romance')", "time": 602}]}
2*movies*{"column_family": "id", "column": "id", "row": "603", "data": [{"value": "m603", "time": 603}]}
2*movies*{"column_family": "title", "column": "title", "row": "603", "data": [{"value": "the witching hour", "time": 603}]}
2*movies*{"column_family": "year", "column": "year", "row": "603", "data": [{"value": "1996", "time": 603}]}
2*movies*{"column_family": "imdb_rating", "column": "imdb_rating", "row": "603", "data": [{"value": "6.50", "time": 603}]}
2*movies*{"column_family": "imdb_votes", "column": "imdb_votes", "row": "603", "data": [{"value": "69", "time": 603}]}
2*movies*{"column_family": "genres", "column": "genres", "row": "603", "data": [{"value": "('documentary' 'short')", "time": 603}]}
2*movies*{"column_family": "id", "column": "id", "row": "604", "data": [{"value": "m604", "time": 604}]}
2*movies*{"column_family": "title", "column": "title", "row": "604", "data": [{"value": "white angel", "time": 604}]}
2*movies*{"column_family": "year", "column": "year", "row": "604", "data": [{"value": "1994", "time": 604}]}
2*movies*{"column_family": "imdb_rating", "column": "imdb_rating", "row": "604", "data": [{"value": "4.40", "time": 604}]}
2*movies*{"column_family": "imdb_votes", "column": "imdb_votes", "row": "604", "data": [{"value": "99", "time": 604}]}
2*movies*{"column_family": "genres", "column": "genres", "row": "604", "data": [{"value": "('drama' 'thriller')", "time": 604}]}
2*movies*{"column_family": "id", "column": "id", "row": "605", "data": [{"value": "m605", "time": 605}]}
2*movies*{"column_family": "title", "column": "title", "row": "605", "data": [{"value": "who's your daddy?", "time": 605}]}
2*movies*{"column_family": "year", "column": "year", "row": "605", "data": [{"value": "2003/I", "time": 605}]}
2*movies*{"column_family": "imdb_rating", "column": "imdb_rating", "row": "605", "data": [{"value": "4.50", "time": 605}]}
2*movies*{"column_family": "imdb_votes", "column": "imdb_votes", "row": "605", "data": [{"value": "2267", "time": 605}]}
2*movies*{"column_family": "genres", "column": "genres", "row": "605", "data": [{"value": "('comedy')", "time": 605}]}
2*movies*{"column_family": "id", "column": "id", "row": "606", "data": [{"value": "m606", "time": 606}]}
2*movies*{"column_family": "title", "column": "title", "row": "606", "data": [{"value": "wild things", "time": 606}]}
2*movies*{"column_family": "year", "column": "year", "row": "606", "data": [{"value": "1998", "time": 606}]}
2*movies*{"column_family": "imdb_rating", "column": "imdb_rating", "row": "606", "data": [{"value": "6.60", "time": 606}]}
2*movies*{"column_family": "imdb_votes", "column": "imdb_votes", "row": "606", "data": [{"value": "40523", "time": 606}]}
2*movies*{"column_family": "genres", "column": "genres", "row": "606", "data": [{"value": "('crime' 'mystery' 'thriller')", "time": 606}]}
2*movies*{"column_family": "id", "column": "id", "row": "607", "data": [{"value": "m607", "time": 607}]}
2*movies*{"column_family": "title", "column": "title", "row": "607", "data": [{"value": "wild wild west", "time": 607}]}
2*movies*{"column_family": "year", "column": "year", "row": "607", "data": [{"value": "1999", "time": 607}]}
2*movies*{"column_family": "imdb_rating", "column": "imdb_rating", "row": "607", "data": [{"value": "4.30", "time": 607}]}
2*movies*{"column_family": "imdb_votes", "column": "imdb_votes", "row": "607", "data": [{"value": "54943", "time": 607}]}
2*movies*{"column_family": "genres", "column": "genres", "row": "607", "data": [{"value": "('action' 'western' 'comedy' 'sci-fi')", "time": 607}]}
2*movies*{"column_family": "id", "column": "id", "row": "608", "data": [{"value": "m608", "time": 608}]}
2*movies*{"column_family": "title", "column": "title", "row": "608", "data": [{"value": "willow", "time": 608}]}
2*movies*{"column_family": "year", "column": "year", "row": "608", "data": [{"value": "1988", "time": 608}]}
2*movies*{"column_family": "imdb_rating", "column": "imdb_rating", "row": "608", "data": [{"value": "7.10", "time": 608}]}
2*movies*{"column_family": "imdb_votes", "column": "imdb_votes", "row": "608", "data": [{"value": "33506", "time": 608}]}
2*movies*{"column_family": "genres", "column": "genres", "row": "608", "data": [{"value": "('action' 'adventure' 'drama' 'fantasy' 'romance')", "time": 608}]}
2*movies*{"column_family": "id", "column": "id", "row": "609", "data": [{"value": "m609", "time": 609}]}
2*movies*{"column_family": "title", "column": "title", "row": "609", "data": [{"value": "witness", "time": 609}]}
2*movies*{"column_family": "year", "column": "year", "row": "609", "data": [{"value": "1985", "time": 609}]}
2*movies*{"column_family": "imdb_rating", "column": "imdb_rating", "row": "609", "data": [{"value": "7.60", "time": 609}]}
2*movies*{"column_family": "imdb_votes", "column": "imdb_votes", "row": "609", "data": [{"value": "30705", "time": 609}]}
2*movies*{"column_family": "genres", "column": "genres", "row": "609", "data": [{"value": "('drama' 'romance' 'thriller')", "time": 609}]}
2*movies*{"column_family": "id", "column": "id", "row": "610", "data": [{"value": "m610", "time": 610}]}
2*movies*{"column_family": "title", "column": "title", "row": "610", "data": [{"value": "the wizard of oz", "time": 610}]}
2*movies*{"column_family": "year", "column": "year", "row": "610", "data": [{"value": "1939", "time": 610}]}
2*movies*{"column_family": "imdb_rating", "column": "imdb_rating", "row": "610", "data": [{"value": "8.30", "time": 610}]}
2*movies*{"column_family": "imdb_votes", "column": "imdb_votes", "row": "610", "data": [{"value": "104873", "time": 610}]}
2*movies*{"column_family": "genres", "column": "genres", "row": "610", "data": [{"value": "('adventure' 'family' 'fantasy' 'musical')", "time": 610}]}
2*movies*{"column_family": "id", "column": "id", "row": "611", "data": [{"value": "m611", "time": 611}]}
2*movies*{"column_family": "title", "column": "title", "row": "611", "data": [{"value": "the world is not enough", "time": 611}]}
2*movies*{"column_family": "year", "column": "year", "row": "611", "data": [{"value": "1999", "time": 611}]}
2*movies*{"column_family": "imdb_rating", "column": "imdb_rating", "row": "611", "data": [{"value": "6.30", "time": 611}]}
2*movies*{"column_family": "imdb_votes", "column": "imdb_votes", "row": "611", "data": [{"value": "60047", "time": 611}]}
2*movies*{"column_family": "genres", "column": "genres", "row": "611", "data": [{"value": "('action' 'adventure' 'thriller')", "time": 611}]}
2*movies*{"column_family": "id", "column": "id", "row": "612", "data": [{"value": "m612", "time": 612}]}
2*movies*{"column_family": "title", "column": "title", "row": "612", "data": [{"value": "watchmen", "time": 612}]}
2*movies*{"column_family": "year", "column": "year", "row": "612", "data": [{"value": "2009", "time": 612}]}
2*movies*{"column_family": "imdb_rating", "column": "imdb_rating", "row": "612", "data": [{"value": "7.80", "time": 612}]}
2*movies*{"column_family": "imdb_votes", "column": "imdb_votes", "row": "612", "data": [{"value": "135229", "time": 612}]}
2*movies*{"column_family": "genres", "column": "genres", "row": "612", "data": [{"value": "('action' 'crime' 'fantasy' 'mystery' 'sci-fi' 'thriller')", "time": 612}]}
2*movies*{"column_family": "id", "column": "id", "row": "613", "data": [{"value": "m613", "time": 613}]}
2*movies*{"column_family": "title", "column": "title", "row": "613", "data": [{"value": "xxx", "time": 613}]}
2*movies*{"column_family": "year", "column": "year", "row": "613", "data": [{"value": "2002", "time": 613}]}
2*movies*{"column_family": "imdb_rating", "column": "imdb_rating", "row": "613", "data": [{"value": "5.60", "time": 613}]}
2*movies*{"column_family": "imdb_votes", "column": "imdb_votes", "row": "613", "data": [{"value": "53505", "time": 613}]}
2*movies*{"column_family": "genres", "column": "genres", "row": "613", "data": [{"value": "('action' 'adventure' 'crime')", "time": 613}]}
2*movies*{"column_family": "id", "column": "id", "row": "614", "data": [{"value": "m614", "time": 614}]}
2*movies*{"column_family": "title", "column": "title", "row": "614", "data": [{"value": "x-men", "time": 614}]}
2*movies*{"column_family": "year", "column": "year", "row": "614", "data": [{"value": "2000", "time": 614}]}
2*movies*{"column_family": "imdb_rating", "column": "imdb_rating", "row": "614", "data": [{"value": "7.40", "time": 614}]}
2*movies*{"column_family": "imdb_votes", "column": "imdb_votes", "row": "614", "data": [{"value": "122149", "time": 614}]}
2*movies*{"column_family": "genres", "column": "genres", "row": "614", "data": [{"value": "('action' 'sci-fi')", "time": 614}]}
2*movies*{"column_family": "id", "column": "id", "row": "615", "data": [{"value": "m615", "time": 615}]}
2*movies*{"column_family": "title", "column": "title", "row": "615", "data": [{"value": "young frankenstein", "time": 615}]}
2*movies*{"column_family": "year", "column": "year", "row": "615", "data": [{"value": "1974", "time": 615}]}
2*movies*{"column_family": "imdb_rating", "column": "imdb_rating", "row": "615", "data": [{"value": "8.00", "time": 615}]}
2*movies*{"column_family": "imdb_votes", "column": "imdb_votes", "row": "615", "data": [{"value": "57618", "time": 615}]}
2*movies*{"column_family": "genres", "column": "genres", "row": "615", "data": [{"value": "('comedy' 'sci-fi')", "time": 615}]}
2*movies*{"column_family": "id", "column": "id", "row": "616", "data": [{"value": "m616", "time": 616}]}
2*movies*{"column_family": "title", "column": "title", "row": "616", "data": [{"value": "zulu dawn", "time": 616}]}
2*movies*{"column_family": "year", "column": "year", "row": "616", "data": [{"value": "1979", "time": 616}]}
2*movies*{"column_family": "imdb_rating", "column": "imdb_rating", "row": "616", "data": [{"value": "6.40", "time": 616}]}
2*movies*{"column_family": "imdb_votes", "column": "imdb_votes", "row": "616", "data": [{"value": "1911", "time": 616}]}
2*movies*{"column_family": "genres", "column": "genres", "row": "616", "data": [{"value": "('action' 'adventure' 'drama' 'history' 'war')", "time": 616}]}
